<?xml version="1.0" encoding="UTF-8"?>
<robot generator="Robot 4.0.1 (Python 3.9.4 on win32)" generated="20210412 08:43:54.306" rpa="false" schemaversion="2">
<suite id="s1" name="MainScenario" source="P:\robotFrameWork\Testovačka\Continero\Tests\CZC_Tests\MainScenario.robot">
<test id="s1-t1" name="Verify Main Scenario For CZC Eshop">
<kw name="Start TestCase" library="MainHelper">
<kw name="Open Browser" library="SeleniumLibrary">
<arg>https://www.czc.cz/</arg>
<arg>chrome</arg>
<doc>Opens a new browser instance to the optional ``url``.</doc>
<msg timestamp="20210412 08:43:54.488" level="INFO">Opening browser 'chrome' to base url 'https://www.czc.cz/'.</msg>
<status status="PASS" starttime="20210412 08:43:54.488" endtime="20210412 08:43:58.022"/>
</kw>
<kw name="Maximize Browser Window" library="SeleniumLibrary">
<doc>Maximizes current browser window.</doc>
<status status="PASS" starttime="20210412 08:43:58.022" endtime="20210412 08:43:58.154"/>
</kw>
<status status="PASS" starttime="20210412 08:43:54.488" endtime="20210412 08:43:58.155"/>
</kw>
<kw name="See Navigation Tab" library="MainHelper">
<kw name="Element Should Be Visible" library="SeleniumLibrary">
<arg>css:header .main-menu-wrapper</arg>
<doc>Verifies that the element identified by ``locator`` is visible.</doc>
<msg timestamp="20210412 08:43:58.182" level="INFO">Element 'css:header .main-menu-wrapper' is displayed.</msg>
<status status="PASS" starttime="20210412 08:43:58.155" endtime="20210412 08:43:58.182"/>
</kw>
<status status="PASS" starttime="20210412 08:43:58.155" endtime="20210412 08:43:58.182"/>
</kw>
<kw name="User Move Mouse Over Main Category" library="MainHelper">
<kw name="Mouse Over" library="SeleniumLibrary">
<arg>css:.main-menu &gt; div:nth-child(2)</arg>
<doc>Simulates hovering the mouse over the element ``locator``.</doc>
<msg timestamp="20210412 08:43:58.183" level="INFO">Simulating Mouse Over on element 'css:.main-menu &gt; div:nth-child(2)'.</msg>
<status status="PASS" starttime="20210412 08:43:58.183" endtime="20210412 08:43:58.482"/>
</kw>
<status status="PASS" starttime="20210412 08:43:58.183" endtime="20210412 08:43:58.482"/>
</kw>
<kw name="User See Megadropdown Menu" library="MainHelper">
<kw name="Element Should Be Visible" library="SeleniumLibrary">
<arg>css:.main-menu &gt; div:nth-child(2) .main-menu__submenu</arg>
<doc>Verifies that the element identified by ``locator`` is visible.</doc>
<msg timestamp="20210412 08:43:58.506" level="INFO">Element 'css:.main-menu &gt; div:nth-child(2) .main-menu__submenu' is displayed.</msg>
<status status="PASS" starttime="20210412 08:43:58.483" endtime="20210412 08:43:58.507"/>
</kw>
<status status="PASS" starttime="20210412 08:43:58.483" endtime="20210412 08:43:58.507"/>
</kw>
<kw name="Click On Category Notebooky" library="MainHelper">
<kw name="Click Link" library="SeleniumLibrary">
<arg>Notebooky</arg>
<doc>Clicks a link identified by ``locator``.</doc>
<msg timestamp="20210412 08:43:58.507" level="INFO">Clicking link 'Notebooky'.</msg>
<status status="PASS" starttime="20210412 08:43:58.507" endtime="20210412 08:43:59.053"/>
</kw>
<status status="PASS" starttime="20210412 08:43:58.507" endtime="20210412 08:43:59.053"/>
</kw>
<kw name="User See Page With Notebooks" library="MainHelper">
<kw name="Element Should Contain" library="SeleniumLibrary">
<arg>css:.entry-header</arg>
<arg>Notebooky</arg>
<doc>Verifies that element ``locator`` contains text ``expected``.</doc>
<msg timestamp="20210412 08:43:59.133" level="INFO">Element 'css:.entry-header' contains text 'Notebooky'.</msg>
<status status="PASS" starttime="20210412 08:43:59.054" endtime="20210412 08:43:59.133"/>
</kw>
<status status="PASS" starttime="20210412 08:43:59.053" endtime="20210412 08:43:59.133"/>
</kw>
<kw name="Scroll Page To List Main Menu" library="MainHelper">
<kw name="Scroll Element Into View" library="SeleniumLibrary">
<arg>css:#tiles &gt; div:nth-child(1) .price .price-vatin</arg>
<doc>Scrolls the element identified by ``locator`` into view.</doc>
<status status="PASS" starttime="20210412 08:43:59.134" endtime="20210412 08:43:59.547"/>
</kw>
<status status="PASS" starttime="20210412 08:43:59.134" endtime="20210412 08:43:59.547"/>
</kw>
<kw name="Select Category Most Expensive From List Main Menu" library="MainHelper">
<kw name="Click Link" library="SeleniumLibrary">
<arg>Nejdražší</arg>
<doc>Clicks a link identified by ``locator``.</doc>
<msg timestamp="20210412 08:43:59.548" level="INFO">Clicking link 'Nejdražší'.</msg>
<status status="PASS" starttime="20210412 08:43:59.548" endtime="20210412 08:43:59.877"/>
</kw>
<status status="PASS" starttime="20210412 08:43:59.547" endtime="20210412 08:43:59.877"/>
</kw>
<kw name="Check If Sorting Is Ok" library="MainHelper">
<kw name="Sleep" library="BuiltIn">
<arg>1s</arg>
<doc>Pauses the test executed for the given time.</doc>
<msg timestamp="20210412 08:44:00.893" level="INFO">Slept 1 second</msg>
<status status="PASS" starttime="20210412 08:43:59.878" endtime="20210412 08:44:00.893"/>
</kw>
<kw name="Get Text" library="SeleniumLibrary">
<var>${price01Product}</var>
<arg>css:#tiles &gt; div:nth-child(1) .price .price-vatin</arg>
<doc>Returns the text value of the element identified by ``locator``.</doc>
<msg timestamp="20210412 08:44:01.029" level="INFO">${price01Product} = 257 990 Kč</msg>
<status status="PASS" starttime="20210412 08:44:00.893" endtime="20210412 08:44:01.029"/>
</kw>
<kw name="Get Text" library="SeleniumLibrary">
<var>${price02Product}</var>
<arg>css:#tiles &gt; div:nth-child(3) .price .price-vatin</arg>
<doc>Returns the text value of the element identified by ``locator``.</doc>
<msg timestamp="20210412 08:44:01.067" level="INFO">${price02Product} = 231 990 Kč</msg>
<status status="PASS" starttime="20210412 08:44:01.029" endtime="20210412 08:44:01.067"/>
</kw>
<kw name="Get Text" library="SeleniumLibrary">
<var>${price03Product}</var>
<arg>css:#tiles &gt; div:nth-child(5) .price .price-vatin</arg>
<doc>Returns the text value of the element identified by ``locator``.</doc>
<msg timestamp="20210412 08:44:01.084" level="INFO">${price03Product} = 155 990 Kč</msg>
<status status="PASS" starttime="20210412 08:44:01.067" endtime="20210412 08:44:01.084"/>
</kw>
<kw name="Log To Console" library="BuiltIn">
<arg>${Price01Product}</arg>
<doc>Logs the given message to the console.</doc>
<status status="PASS" starttime="20210412 08:44:01.084" endtime="20210412 08:44:01.085"/>
</kw>
<kw name="Log To Console" library="BuiltIn">
<arg>${Price02Product}</arg>
<doc>Logs the given message to the console.</doc>
<status status="PASS" starttime="20210412 08:44:01.085" endtime="20210412 08:44:01.085"/>
</kw>
<kw name="Log To Console" library="BuiltIn">
<arg>${Price03Product}</arg>
<doc>Logs the given message to the console.</doc>
<status status="PASS" starttime="20210412 08:44:01.085" endtime="20210412 08:44:01.085"/>
</kw>
<kw name="Split String" library="String">
<var>${Price01Product}</var>
<arg>${Price01Product}</arg>
<arg>Kč</arg>
<doc>Splits the ``string`` using ``separator`` as a delimiter string.</doc>
<msg timestamp="20210412 08:44:01.086" level="INFO">${Price01Product} = ['257 990 ', '']</msg>
<status status="PASS" starttime="20210412 08:44:01.085" endtime="20210412 08:44:01.086"/>
</kw>
<kw name="Split String" library="String">
<var>${Price02Product}</var>
<arg>${Price02Product}</arg>
<arg>Kč</arg>
<doc>Splits the ``string`` using ``separator`` as a delimiter string.</doc>
<msg timestamp="20210412 08:44:01.086" level="INFO">${Price02Product} = ['231 990 ', '']</msg>
<status status="PASS" starttime="20210412 08:44:01.086" endtime="20210412 08:44:01.086"/>
</kw>
<kw name="Split String" library="String">
<var>${Price03Product}</var>
<arg>${Price03Product}</arg>
<arg>Kč</arg>
<doc>Splits the ``string`` using ``separator`` as a delimiter string.</doc>
<msg timestamp="20210412 08:44:01.086" level="INFO">${Price03Product} = ['155 990 ', '']</msg>
<status status="PASS" starttime="20210412 08:44:01.086" endtime="20210412 08:44:01.086"/>
</kw>
<kw name="Get From List" library="Collections">
<var>${Price01Product}</var>
<arg>${Price01Product}</arg>
<arg>0</arg>
<doc>Returns the value specified with an ``index`` from ``list``.</doc>
<msg timestamp="20210412 08:44:01.087" level="INFO">${Price01Product} = 257 990 </msg>
<status status="PASS" starttime="20210412 08:44:01.086" endtime="20210412 08:44:01.087"/>
</kw>
<kw name="Get From List" library="Collections">
<var>${Price02Product}</var>
<arg>${Price02Product}</arg>
<arg>0</arg>
<doc>Returns the value specified with an ``index`` from ``list``.</doc>
<msg timestamp="20210412 08:44:01.087" level="INFO">${Price02Product} = 231 990 </msg>
<status status="PASS" starttime="20210412 08:44:01.087" endtime="20210412 08:44:01.087"/>
</kw>
<kw name="Get From List" library="Collections">
<var>${Price03Product}</var>
<arg>${Price03Product}</arg>
<arg>0</arg>
<doc>Returns the value specified with an ``index`` from ``list``.</doc>
<msg timestamp="20210412 08:44:01.087" level="INFO">${Price03Product} = 155 990 </msg>
<status status="PASS" starttime="20210412 08:44:01.087" endtime="20210412 08:44:01.087"/>
</kw>
<kw name="Convert To Integer" library="BuiltIn">
<var>${Price01Product}</var>
<arg>${Price01Product}</arg>
<doc>Converts the given item to an integer number.</doc>
<msg timestamp="20210412 08:44:01.088" level="INFO">${Price01Product} = 257990</msg>
<status status="PASS" starttime="20210412 08:44:01.087" endtime="20210412 08:44:01.088"/>
</kw>
<kw name="Convert To Integer" library="BuiltIn">
<var>${Price02Product}</var>
<arg>${Price02Product}</arg>
<doc>Converts the given item to an integer number.</doc>
<msg timestamp="20210412 08:44:01.088" level="INFO">${Price02Product} = 231990</msg>
<status status="PASS" starttime="20210412 08:44:01.088" endtime="20210412 08:44:01.088"/>
</kw>
<kw name="Convert To Integer" library="BuiltIn">
<var>${Price03Product}</var>
<arg>${Price03Product}</arg>
<doc>Converts the given item to an integer number.</doc>
<msg timestamp="20210412 08:44:01.088" level="INFO">${Price03Product} = 155990</msg>
<status status="PASS" starttime="20210412 08:44:01.088" endtime="20210412 08:44:01.088"/>
</kw>
<kw name="Log To Console" library="BuiltIn">
<arg>${Price01Product}</arg>
<doc>Logs the given message to the console.</doc>
<status status="PASS" starttime="20210412 08:44:01.089" endtime="20210412 08:44:01.089"/>
</kw>
<kw name="Log To Console" library="BuiltIn">
<arg>${Price02Product}</arg>
<doc>Logs the given message to the console.</doc>
<status status="PASS" starttime="20210412 08:44:01.089" endtime="20210412 08:44:01.089"/>
</kw>
<kw name="Log To Console" library="BuiltIn">
<arg>${Price03Product}</arg>
<doc>Logs the given message to the console.</doc>
<status status="PASS" starttime="20210412 08:44:01.089" endtime="20210412 08:44:01.089"/>
</kw>
<kw name="Should Be True" library="BuiltIn">
<arg>${Price01Product} &gt; ${Price02Product} &gt; ${Price03Product}</arg>
<doc>Fails if the given condition is not true.</doc>
<status status="PASS" starttime="20210412 08:44:01.090" endtime="20210412 08:44:01.090"/>
</kw>
<status status="PASS" starttime="20210412 08:43:59.877" endtime="20210412 08:44:01.090"/>
</kw>
<kw name="User Save Price Of 1st Product" library="MainHelper">
<kw name="Get Text" library="SeleniumLibrary">
<var>${price01Product}</var>
<arg>css:#tiles &gt; div:nth-child(1) .price .price-vatin</arg>
<doc>Returns the text value of the element identified by ``locator``.</doc>
<msg timestamp="20210412 08:44:01.101" level="INFO">${price01Product} = 257 990 Kč</msg>
<status status="PASS" starttime="20210412 08:44:01.091" endtime="20210412 08:44:01.101"/>
</kw>
<kw name="Split String" library="String">
<var>${Price01Product}</var>
<arg>${Price01Product}</arg>
<arg>Kč</arg>
<doc>Splits the ``string`` using ``separator`` as a delimiter string.</doc>
<msg timestamp="20210412 08:44:01.102" level="INFO">${Price01Product} = ['257 990 ', '']</msg>
<status status="PASS" starttime="20210412 08:44:01.101" endtime="20210412 08:44:01.102"/>
</kw>
<kw name="Get From List" library="Collections">
<var>${Price01Product}</var>
<arg>${Price01Product}</arg>
<arg>0</arg>
<doc>Returns the value specified with an ``index`` from ``list``.</doc>
<msg timestamp="20210412 08:44:01.102" level="INFO">${Price01Product} = 257 990 </msg>
<status status="PASS" starttime="20210412 08:44:01.102" endtime="20210412 08:44:01.102"/>
</kw>
<kw name="Convert To Integer" library="BuiltIn">
<var>${Price01Product}</var>
<arg>${Price01Product}</arg>
<doc>Converts the given item to an integer number.</doc>
<msg timestamp="20210412 08:44:01.102" level="INFO">${Price01Product} = 257990</msg>
<status status="PASS" starttime="20210412 08:44:01.102" endtime="20210412 08:44:01.102"/>
</kw>
<kw name="Set Global Variable" library="BuiltIn">
<arg>${price01Product}</arg>
<arg>${price01Product}</arg>
<doc>Makes a variable available globally in all tests and suites.</doc>
<msg timestamp="20210412 08:44:01.103" level="INFO">${price01Product} = 257990</msg>
<status status="PASS" starttime="20210412 08:44:01.103" endtime="20210412 08:44:01.103"/>
</kw>
<status status="PASS" starttime="20210412 08:44:01.090" endtime="20210412 08:44:01.103"/>
</kw>
<kw name="Add First Product Into Cart" library="MainHelper">
<kw name="Scroll Element Into View" library="SeleniumLibrary">
<arg>css:#tiles &gt; div:nth-child(1) button</arg>
<doc>Scrolls the element identified by ``locator`` into view.</doc>
<status status="PASS" starttime="20210412 08:44:01.104" endtime="20210412 08:44:01.424"/>
</kw>
<kw name="Click Button" library="SeleniumLibrary">
<arg>css:#tiles &gt; div:nth-child(1) button</arg>
<doc>Clicks the button identified by ``locator``.</doc>
<msg timestamp="20210412 08:44:01.424" level="INFO">Clicking button 'css:#tiles &gt; div:nth-child(1) button'.</msg>
<status status="PASS" starttime="20210412 08:44:01.424" endtime="20210412 08:44:01.508"/>
</kw>
<status status="PASS" starttime="20210412 08:44:01.103" endtime="20210412 08:44:01.509"/>
</kw>
<kw name="Check Price In Cart" library="MainHelper">
<kw name="Log To Console" library="BuiltIn">
<arg>Hello Now i will check price in cart</arg>
<doc>Logs the given message to the console.</doc>
<status status="PASS" starttime="20210412 08:44:01.509" endtime="20210412 08:44:01.509"/>
</kw>
<kw name="Wait Until Element Is Visible" library="SeleniumLibrary">
<arg>id:basket-preview</arg>
<doc>Waits until the element ``locator`` is visible.</doc>
<status status="PASS" starttime="20210412 08:44:01.509" endtime="20210412 08:44:01.536"/>
</kw>
<kw name="Sleep" library="BuiltIn">
<arg>3s</arg>
<doc>Pauses the test executed for the given time.</doc>
<msg timestamp="20210412 08:44:04.541" level="INFO">Slept 3 seconds</msg>
<status status="PASS" starttime="20210412 08:44:01.537" endtime="20210412 08:44:04.541"/>
</kw>
<kw name="Get Text" library="SeleniumLibrary">
<var>${cartPrice}</var>
<arg>css:#basket-preview &gt; a span.price-vatin &gt; span</arg>
<doc>Returns the text value of the element identified by ``locator``.</doc>
<msg timestamp="20210412 08:44:04.560" level="INFO">${cartPrice} = 257 990 Kč</msg>
<status status="PASS" starttime="20210412 08:44:04.541" endtime="20210412 08:44:04.560"/>
</kw>
<kw name="Split String" library="String">
<var>${cartPrice}</var>
<arg>${cartPrice}</arg>
<arg>Kč</arg>
<doc>Splits the ``string`` using ``separator`` as a delimiter string.</doc>
<msg timestamp="20210412 08:44:04.560" level="INFO">${cartPrice} = ['257 990 ', '']</msg>
<status status="PASS" starttime="20210412 08:44:04.560" endtime="20210412 08:44:04.560"/>
</kw>
<kw name="Get From List" library="Collections">
<var>${cartPrice}</var>
<arg>${cartPrice}</arg>
<arg>0</arg>
<doc>Returns the value specified with an ``index`` from ``list``.</doc>
<msg timestamp="20210412 08:44:04.560" level="INFO">${cartPrice} = 257 990 </msg>
<status status="PASS" starttime="20210412 08:44:04.560" endtime="20210412 08:44:04.560"/>
</kw>
<kw name="Convert To Integer" library="BuiltIn">
<var>${cartPrice}</var>
<arg>${cartPrice}</arg>
<doc>Converts the given item to an integer number.</doc>
<msg timestamp="20210412 08:44:04.561" level="INFO">${cartPrice} = 257990</msg>
<status status="PASS" starttime="20210412 08:44:04.560" endtime="20210412 08:44:04.561"/>
</kw>
<kw name="Evaluate" library="BuiltIn">
<var>${countCurrentProducts}</var>
<arg>${price01Product} + ${price02Product}</arg>
<doc>Evaluates the given expression in Python and returns the result.</doc>
<msg timestamp="20210412 08:44:04.561" level="INFO">${countCurrentProducts} = 257990</msg>
<status status="PASS" starttime="20210412 08:44:04.561" endtime="20210412 08:44:04.561"/>
</kw>
<kw name="Log To Console" library="BuiltIn">
<arg>${countCurrentProducts}</arg>
<doc>Logs the given message to the console.</doc>
<status status="PASS" starttime="20210412 08:44:04.561" endtime="20210412 08:44:04.562"/>
</kw>
<kw name="Should Be True" library="BuiltIn">
<arg>${cartPrice} == ${countCurrentProducts}</arg>
<doc>Fails if the given condition is not true.</doc>
<status status="PASS" starttime="20210412 08:44:04.562" endtime="20210412 08:44:04.562"/>
</kw>
<status status="PASS" starttime="20210412 08:44:01.509" endtime="20210412 08:44:04.562"/>
</kw>
<kw name="Continue In Shopping" library="MainHelper">
<kw name="Click Button" library="SeleniumLibrary">
<arg>css:.buy-mode__container .btn.close</arg>
<doc>Clicks the button identified by ``locator``.</doc>
<msg timestamp="20210412 08:44:04.563" level="INFO">Clicking button 'css:.buy-mode__container .btn.close'.</msg>
<status status="PASS" starttime="20210412 08:44:04.563" endtime="20210412 08:44:04.697"/>
</kw>
<status status="PASS" starttime="20210412 08:44:04.563" endtime="20210412 08:44:04.697"/>
</kw>
<kw name="User See Page With Notebooks" library="MainHelper">
<kw name="Element Should Contain" library="SeleniumLibrary">
<arg>css:.entry-header</arg>
<arg>Notebooky</arg>
<doc>Verifies that element ``locator`` contains text ``expected``.</doc>
<msg timestamp="20210412 08:44:04.712" level="INFO">Element 'css:.entry-header' contains text 'Notebooky'.</msg>
<status status="PASS" starttime="20210412 08:44:04.698" endtime="20210412 08:44:04.712"/>
</kw>
<status status="PASS" starttime="20210412 08:44:04.698" endtime="20210412 08:44:04.712"/>
</kw>
<kw name="User Save Price Of 2nd Product" library="MainHelper">
<kw name="Get Text" library="SeleniumLibrary">
<var>${price02Product}</var>
<arg>css:#tiles &gt; div:nth-child(3) .price .price-vatin</arg>
<doc>Returns the text value of the element identified by ``locator``.</doc>
<msg timestamp="20210412 08:44:04.725" level="INFO">${price02Product} = 231 990 Kč</msg>
<status status="PASS" starttime="20210412 08:44:04.713" endtime="20210412 08:44:04.725"/>
</kw>
<kw name="Split String" library="String">
<var>${Price02Product}</var>
<arg>${Price02Product}</arg>
<arg>Kč</arg>
<doc>Splits the ``string`` using ``separator`` as a delimiter string.</doc>
<msg timestamp="20210412 08:44:04.726" level="INFO">${Price02Product} = ['231 990 ', '']</msg>
<status status="PASS" starttime="20210412 08:44:04.725" endtime="20210412 08:44:04.726"/>
</kw>
<kw name="Get From List" library="Collections">
<var>${Price02Product}</var>
<arg>${Price02Product}</arg>
<arg>0</arg>
<doc>Returns the value specified with an ``index`` from ``list``.</doc>
<msg timestamp="20210412 08:44:04.726" level="INFO">${Price02Product} = 231 990 </msg>
<status status="PASS" starttime="20210412 08:44:04.726" endtime="20210412 08:44:04.726"/>
</kw>
<kw name="Convert To Integer" library="BuiltIn">
<var>${Price02Product}</var>
<arg>${Price02Product}</arg>
<doc>Converts the given item to an integer number.</doc>
<msg timestamp="20210412 08:44:04.726" level="INFO">${Price02Product} = 231990</msg>
<status status="PASS" starttime="20210412 08:44:04.726" endtime="20210412 08:44:04.726"/>
</kw>
<kw name="Set Global Variable" library="BuiltIn">
<arg>${price02Product}</arg>
<arg>${price02Product}</arg>
<doc>Makes a variable available globally in all tests and suites.</doc>
<msg timestamp="20210412 08:44:04.727" level="INFO">${price02Product} = 231990</msg>
<status status="PASS" starttime="20210412 08:44:04.726" endtime="20210412 08:44:04.727"/>
</kw>
<status status="PASS" starttime="20210412 08:44:04.713" endtime="20210412 08:44:04.727"/>
</kw>
<kw name="Add Second Product Into Cart" library="MainHelper">
<kw name="Click Button" library="SeleniumLibrary">
<arg>css:#tiles &gt; div:nth-child(3) button</arg>
<doc>Clicks the button identified by ``locator``.</doc>
<msg timestamp="20210412 08:44:04.727" level="INFO">Clicking button 'css:#tiles &gt; div:nth-child(3) button'.</msg>
<status status="PASS" starttime="20210412 08:44:04.727" endtime="20210412 08:44:04.788"/>
</kw>
<status status="PASS" starttime="20210412 08:44:04.727" endtime="20210412 08:44:04.788"/>
</kw>
<kw name="Check Price In Cart" library="MainHelper">
<kw name="Log To Console" library="BuiltIn">
<arg>Hello Now i will check price in cart</arg>
<doc>Logs the given message to the console.</doc>
<status status="PASS" starttime="20210412 08:44:04.788" endtime="20210412 08:44:04.788"/>
</kw>
<kw name="Wait Until Element Is Visible" library="SeleniumLibrary">
<arg>id:basket-preview</arg>
<doc>Waits until the element ``locator`` is visible.</doc>
<status status="PASS" starttime="20210412 08:44:04.788" endtime="20210412 08:44:04.805"/>
</kw>
<kw name="Sleep" library="BuiltIn">
<arg>3s</arg>
<doc>Pauses the test executed for the given time.</doc>
<msg timestamp="20210412 08:44:07.812" level="INFO">Slept 3 seconds</msg>
<status status="PASS" starttime="20210412 08:44:04.805" endtime="20210412 08:44:07.812"/>
</kw>
<kw name="Get Text" library="SeleniumLibrary">
<var>${cartPrice}</var>
<arg>css:#basket-preview &gt; a span.price-vatin &gt; span</arg>
<doc>Returns the text value of the element identified by ``locator``.</doc>
<msg timestamp="20210412 08:44:07.827" level="INFO">${cartPrice} = 489 980 Kč</msg>
<status status="PASS" starttime="20210412 08:44:07.812" endtime="20210412 08:44:07.827"/>
</kw>
<kw name="Split String" library="String">
<var>${cartPrice}</var>
<arg>${cartPrice}</arg>
<arg>Kč</arg>
<doc>Splits the ``string`` using ``separator`` as a delimiter string.</doc>
<msg timestamp="20210412 08:44:07.828" level="INFO">${cartPrice} = ['489 980 ', '']</msg>
<status status="PASS" starttime="20210412 08:44:07.828" endtime="20210412 08:44:07.828"/>
</kw>
<kw name="Get From List" library="Collections">
<var>${cartPrice}</var>
<arg>${cartPrice}</arg>
<arg>0</arg>
<doc>Returns the value specified with an ``index`` from ``list``.</doc>
<msg timestamp="20210412 08:44:07.828" level="INFO">${cartPrice} = 489 980 </msg>
<status status="PASS" starttime="20210412 08:44:07.828" endtime="20210412 08:44:07.828"/>
</kw>
<kw name="Convert To Integer" library="BuiltIn">
<var>${cartPrice}</var>
<arg>${cartPrice}</arg>
<doc>Converts the given item to an integer number.</doc>
<msg timestamp="20210412 08:44:07.829" level="INFO">${cartPrice} = 489980</msg>
<status status="PASS" starttime="20210412 08:44:07.829" endtime="20210412 08:44:07.829"/>
</kw>
<kw name="Evaluate" library="BuiltIn">
<var>${countCurrentProducts}</var>
<arg>${price01Product} + ${price02Product}</arg>
<doc>Evaluates the given expression in Python and returns the result.</doc>
<msg timestamp="20210412 08:44:07.829" level="INFO">${countCurrentProducts} = 489980</msg>
<status status="PASS" starttime="20210412 08:44:07.829" endtime="20210412 08:44:07.829"/>
</kw>
<kw name="Log To Console" library="BuiltIn">
<arg>${countCurrentProducts}</arg>
<doc>Logs the given message to the console.</doc>
<status status="PASS" starttime="20210412 08:44:07.829" endtime="20210412 08:44:07.829"/>
</kw>
<kw name="Should Be True" library="BuiltIn">
<arg>${cartPrice} == ${countCurrentProducts}</arg>
<doc>Fails if the given condition is not true.</doc>
<status status="PASS" starttime="20210412 08:44:07.830" endtime="20210412 08:44:07.830"/>
</kw>
<status status="PASS" starttime="20210412 08:44:04.788" endtime="20210412 08:44:07.830"/>
</kw>
<kw name="Continue Into Order" library="MainHelper">
<kw name="Sleep" library="BuiltIn">
<arg>2s</arg>
<doc>Pauses the test executed for the given time.</doc>
<msg timestamp="20210412 08:44:09.841" level="INFO">Slept 2 seconds</msg>
<status status="PASS" starttime="20210412 08:44:07.831" endtime="20210412 08:44:09.841"/>
</kw>
<kw name="Click Element" library="SeleniumLibrary">
<arg>css:.buy-mode__container .btn-purchase</arg>
<doc>Click the element identified by ``locator``.</doc>
<msg timestamp="20210412 08:44:09.841" level="INFO">Clicking element 'css:.buy-mode__container .btn-purchase'.</msg>
<status status="PASS" starttime="20210412 08:44:09.841" endtime="20210412 08:44:10.383"/>
</kw>
<status status="PASS" starttime="20210412 08:44:07.831" endtime="20210412 08:44:10.383"/>
</kw>
<kw name="User Is In Cart" library="MainHelper">
<kw name="Element Should Contain" library="SeleniumLibrary">
<arg>css:#basket-visibility-container h1</arg>
<arg>Váš nákupní košík</arg>
<doc>Verifies that element ``locator`` contains text ``expected``.</doc>
<msg timestamp="20210412 08:44:10.402" level="INFO">Element 'css:#basket-visibility-container h1' contains text 'Váš nákupní košík'.</msg>
<status status="PASS" starttime="20210412 08:44:10.384" endtime="20210412 08:44:10.402"/>
</kw>
<status status="PASS" starttime="20210412 08:44:10.383" endtime="20210412 08:44:10.402"/>
</kw>
<kw name="Check Price In Cart" library="MainHelper">
<kw name="Log To Console" library="BuiltIn">
<arg>Hello Now i will check price in cart</arg>
<doc>Logs the given message to the console.</doc>
<status status="PASS" starttime="20210412 08:44:10.403" endtime="20210412 08:44:10.404"/>
</kw>
<kw name="Wait Until Element Is Visible" library="SeleniumLibrary">
<arg>id:basket-preview</arg>
<doc>Waits until the element ``locator`` is visible.</doc>
<status status="PASS" starttime="20210412 08:44:10.404" endtime="20210412 08:44:10.430"/>
</kw>
<kw name="Sleep" library="BuiltIn">
<arg>3s</arg>
<doc>Pauses the test executed for the given time.</doc>
<msg timestamp="20210412 08:44:13.438" level="INFO">Slept 3 seconds</msg>
<status status="PASS" starttime="20210412 08:44:10.430" endtime="20210412 08:44:13.438"/>
</kw>
<kw name="Get Text" library="SeleniumLibrary">
<var>${cartPrice}</var>
<arg>css:#basket-preview &gt; a span.price-vatin &gt; span</arg>
<doc>Returns the text value of the element identified by ``locator``.</doc>
<msg timestamp="20210412 08:44:13.454" level="INFO">${cartPrice} = 489 980 Kč</msg>
<status status="PASS" starttime="20210412 08:44:13.438" endtime="20210412 08:44:13.454"/>
</kw>
<kw name="Split String" library="String">
<var>${cartPrice}</var>
<arg>${cartPrice}</arg>
<arg>Kč</arg>
<doc>Splits the ``string`` using ``separator`` as a delimiter string.</doc>
<msg timestamp="20210412 08:44:13.454" level="INFO">${cartPrice} = ['489 980 ', '']</msg>
<status status="PASS" starttime="20210412 08:44:13.454" endtime="20210412 08:44:13.454"/>
</kw>
<kw name="Get From List" library="Collections">
<var>${cartPrice}</var>
<arg>${cartPrice}</arg>
<arg>0</arg>
<doc>Returns the value specified with an ``index`` from ``list``.</doc>
<msg timestamp="20210412 08:44:13.455" level="INFO">${cartPrice} = 489 980 </msg>
<status status="PASS" starttime="20210412 08:44:13.454" endtime="20210412 08:44:13.455"/>
</kw>
<kw name="Convert To Integer" library="BuiltIn">
<var>${cartPrice}</var>
<arg>${cartPrice}</arg>
<doc>Converts the given item to an integer number.</doc>
<msg timestamp="20210412 08:44:13.455" level="INFO">${cartPrice} = 489980</msg>
<status status="PASS" starttime="20210412 08:44:13.455" endtime="20210412 08:44:13.455"/>
</kw>
<kw name="Evaluate" library="BuiltIn">
<var>${countCurrentProducts}</var>
<arg>${price01Product} + ${price02Product}</arg>
<doc>Evaluates the given expression in Python and returns the result.</doc>
<msg timestamp="20210412 08:44:13.455" level="INFO">${countCurrentProducts} = 489980</msg>
<status status="PASS" starttime="20210412 08:44:13.455" endtime="20210412 08:44:13.455"/>
</kw>
<kw name="Log To Console" library="BuiltIn">
<arg>${countCurrentProducts}</arg>
<doc>Logs the given message to the console.</doc>
<status status="PASS" starttime="20210412 08:44:13.455" endtime="20210412 08:44:13.456"/>
</kw>
<kw name="Should Be True" library="BuiltIn">
<arg>${cartPrice} == ${countCurrentProducts}</arg>
<doc>Fails if the given condition is not true.</doc>
<status status="PASS" starttime="20210412 08:44:13.456" endtime="20210412 08:44:13.456"/>
</kw>
<status status="PASS" starttime="20210412 08:44:10.403" endtime="20210412 08:44:13.456"/>
</kw>
<doc>This is verified Main Scenario for CZC</doc>
<tag>Functional</tag>
<status status="PASS" starttime="20210412 08:43:54.487" endtime="20210412 08:44:13.457"/>
</test>
<kw name="Close Browser" library="SeleniumLibrary" type="TEARDOWN">
<doc>Closes the current browser.</doc>
<status status="PASS" starttime="20210412 08:44:13.458" endtime="20210412 08:44:15.592"/>
</kw>
<doc>Main Scenario for search category Notebook and insert first two most expesives products</doc>
<status status="PASS" starttime="20210412 08:43:54.307" endtime="20210412 08:44:15.592"/>
</suite>
<statistics>
<total>
<stat pass="1" fail="0" skip="0">All Tests</stat>
</total>
<tag>
<stat pass="1" fail="0" skip="0">Functional</stat>
</tag>
<suite>
<stat pass="1" fail="0" skip="0" id="s1" name="MainScenario">MainScenario</stat>
</suite>
</statistics>
<errors>
</errors>
</robot>
