<?xml version="1.0" encoding="UTF-8"?>
<robot generator="Robot 4.0.1 (Python 3.9.4 on win32)" generated="20210412 10:52:45.864" rpa="false" schemaversion="2">
<suite id="s1" name="MainScenario" source="P:\robotFrameWork\Testovačka\Continero\Tests\CZC_Tests\MainScenario.robot">
<test id="s1-t1" name="Verify Main Scenario For CZC Eshop">
<kw name="Start TestCase" library="MainHelper">
<kw name="Open Browser" library="SeleniumLibrary">
<arg>https://www.czc.cz/</arg>
<arg>chrome</arg>
<doc>Opens a new browser instance to the optional ``url``.</doc>
<msg timestamp="20210412 10:52:46.057" level="INFO">Opening browser 'chrome' to base url 'https://www.czc.cz/'.</msg>
<status status="PASS" starttime="20210412 10:52:46.057" endtime="20210412 10:52:49.199"/>
</kw>
<kw name="Maximize Browser Window" library="SeleniumLibrary">
<doc>Maximizes current browser window.</doc>
<status status="PASS" starttime="20210412 10:52:49.199" endtime="20210412 10:52:49.326"/>
</kw>
<status status="PASS" starttime="20210412 10:52:46.057" endtime="20210412 10:52:49.327"/>
</kw>
<kw name="See Navigation Tab" library="MainHelper">
<kw name="Element Should Be Visible" library="SeleniumLibrary">
<arg>css:header .main-menu-wrapper</arg>
<doc>Verifies that the element identified by ``locator`` is visible.</doc>
<msg timestamp="20210412 10:52:49.375" level="INFO">Element 'css:header .main-menu-wrapper' is displayed.</msg>
<status status="PASS" starttime="20210412 10:52:49.327" endtime="20210412 10:52:49.375"/>
</kw>
<status status="PASS" starttime="20210412 10:52:49.327" endtime="20210412 10:52:49.375"/>
</kw>
<kw name="User Move Mouse Over Main Category" library="MainHelper">
<kw name="Mouse Over" library="SeleniumLibrary">
<arg>css:.main-menu &gt; div:nth-child(2)</arg>
<doc>Simulates hovering the mouse over the element ``locator``.</doc>
<msg timestamp="20210412 10:52:49.376" level="INFO">Simulating Mouse Over on element 'css:.main-menu &gt; div:nth-child(2)'.</msg>
<status status="PASS" starttime="20210412 10:52:49.376" endtime="20210412 10:52:49.790"/>
</kw>
<status status="PASS" starttime="20210412 10:52:49.376" endtime="20210412 10:52:49.790"/>
</kw>
<kw name="User See Megadropdown Menu" library="MainHelper">
<kw name="Element Should Be Visible" library="SeleniumLibrary">
<arg>css:.main-menu &gt; div:nth-child(2) .main-menu__submenu</arg>
<doc>Verifies that the element identified by ``locator`` is visible.</doc>
<msg timestamp="20210412 10:52:49.834" level="INFO">Element 'css:.main-menu &gt; div:nth-child(2) .main-menu__submenu' is displayed.</msg>
<status status="PASS" starttime="20210412 10:52:49.791" endtime="20210412 10:52:49.834"/>
</kw>
<status status="PASS" starttime="20210412 10:52:49.791" endtime="20210412 10:52:49.834"/>
</kw>
<kw name="Click On Category Notebooky" library="MainHelper">
<kw name="Click Link" library="SeleniumLibrary">
<arg>Notebooky</arg>
<doc>Clicks a link identified by ``locator``.</doc>
<msg timestamp="20210412 10:52:49.835" level="INFO">Clicking link 'Notebooky'.</msg>
<status status="PASS" starttime="20210412 10:52:49.835" endtime="20210412 10:52:50.503"/>
</kw>
<status status="PASS" starttime="20210412 10:52:49.834" endtime="20210412 10:52:50.503"/>
</kw>
<kw name="User See Page With Notebooks" library="MainHelper">
<kw name="Element Should Contain" library="SeleniumLibrary">
<arg>css:.entry-header</arg>
<arg>Notebooky</arg>
<doc>Verifies that element ``locator`` contains text ``expected``.</doc>
<msg timestamp="20210412 10:52:50.535" level="INFO">Element 'css:.entry-header' contains text 'Notebooky'.</msg>
<status status="PASS" starttime="20210412 10:52:50.504" endtime="20210412 10:52:50.535"/>
</kw>
<status status="PASS" starttime="20210412 10:52:50.504" endtime="20210412 10:52:50.536"/>
</kw>
<kw name="Scroll Page To List Main Menu" library="MainHelper">
<kw name="Scroll Element Into View" library="SeleniumLibrary">
<arg>css:#tiles &gt; div:nth-child(1) .price .price-vatin</arg>
<doc>Scrolls the element identified by ``locator`` into view.</doc>
<status status="PASS" starttime="20210412 10:52:50.536" endtime="20210412 10:52:50.935"/>
</kw>
<status status="PASS" starttime="20210412 10:52:50.536" endtime="20210412 10:52:50.935"/>
</kw>
<kw name="Select Category Most Expensive From List Main Menu" library="MainHelper">
<kw name="Click Link" library="SeleniumLibrary">
<arg>Nejdražší</arg>
<doc>Clicks a link identified by ``locator``.</doc>
<msg timestamp="20210412 10:52:50.937" level="INFO">Clicking link 'Nejdražší'.</msg>
<status status="PASS" starttime="20210412 10:52:50.936" endtime="20210412 10:52:51.340"/>
</kw>
<status status="PASS" starttime="20210412 10:52:50.936" endtime="20210412 10:52:51.340"/>
</kw>
<kw name="Check If Sorting Is Ok" library="MainHelper">
<arg>2</arg>
<kw name="Create List" library="BuiltIn">
<var>${products}</var>
<doc>Returns a list containing given items.</doc>
<msg timestamp="20210412 10:52:51.341" level="INFO">${products} = []</msg>
<status status="PASS" starttime="20210412 10:52:51.341" endtime="20210412 10:52:51.341"/>
</kw>
<kw name="Sleep" library="BuiltIn">
<arg>1s</arg>
<doc>Pauses the test executed for the given time.</doc>
<msg timestamp="20210412 10:52:52.353" level="INFO">Slept 1 second</msg>
<status status="PASS" starttime="20210412 10:52:51.341" endtime="20210412 10:52:52.353"/>
</kw>
<for flavor="IN">
<var>${num}</var>
<value>${numOfProducts}</value>
<iter>
<var name="${num}">2</var>
<kw name="Get Price Of N Position Product" library="MainHelper">
<var>${price}</var>
<arg>${num}</arg>
<if>
<branch type="IF" condition="${nProduct} &gt; 1">
<kw name="Evaluate" library="BuiltIn">
<var>${nProduct}</var>
<arg>${nProduct} + 1</arg>
<doc>Evaluates the given expression in Python and returns the result.</doc>
<msg timestamp="20210412 10:52:52.354" level="INFO">${nProduct} = 3</msg>
<status status="PASS" starttime="20210412 10:52:52.354" endtime="20210412 10:52:52.354"/>
</kw>
<status status="PASS" starttime="20210412 10:52:52.354" endtime="20210412 10:52:52.354"/>
</branch>
<status status="PASS" starttime="20210412 10:52:52.354" endtime="20210412 10:52:52.354"/>
</if>
<kw name="Get Text" library="SeleniumLibrary">
<var>${price}</var>
<arg>css:#tiles &gt; div:nth-child(${nProduct}) .price .price-vatin</arg>
<doc>Returns the text value of the element identified by ``locator``.</doc>
<msg timestamp="20210412 10:52:52.392" level="INFO">${price} = 231 990 Kč</msg>
<status status="PASS" starttime="20210412 10:52:52.354" endtime="20210412 10:52:52.392"/>
</kw>
<kw name="Split String" library="String">
<var>${price}</var>
<arg>${price}</arg>
<arg>Kč</arg>
<doc>Splits the ``string`` using ``separator`` as a delimiter string.</doc>
<msg timestamp="20210412 10:52:52.393" level="INFO">${price} = ['231 990 ', '']</msg>
<status status="PASS" starttime="20210412 10:52:52.393" endtime="20210412 10:52:52.393"/>
</kw>
<kw name="Get From List" library="Collections">
<var>${price}</var>
<arg>${price}</arg>
<arg>0</arg>
<doc>Returns the value specified with an ``index`` from ``list``.</doc>
<msg timestamp="20210412 10:52:52.393" level="INFO">${price} = 231 990 </msg>
<status status="PASS" starttime="20210412 10:52:52.393" endtime="20210412 10:52:52.393"/>
</kw>
<kw name="Convert To Integer" library="BuiltIn">
<var>${price}</var>
<arg>${price}</arg>
<doc>Converts the given item to an integer number.</doc>
<msg timestamp="20210412 10:52:52.393" level="INFO">${price} = 231990</msg>
<status status="PASS" starttime="20210412 10:52:52.393" endtime="20210412 10:52:52.393"/>
</kw>
<msg timestamp="20210412 10:52:52.394" level="INFO">${price} = 231990</msg>
<status status="PASS" starttime="20210412 10:52:52.353" endtime="20210412 10:52:52.394"/>
</kw>
<kw name="Append To List" library="Collections">
<arg>${products}</arg>
<arg>${price}</arg>
<doc>Adds ``values`` to the end of ``list``.</doc>
<status status="PASS" starttime="20210412 10:52:52.394" endtime="20210412 10:52:52.394"/>
</kw>
<status status="PASS" starttime="20210412 10:52:52.353" endtime="20210412 10:52:52.394"/>
</iter>
<status status="PASS" starttime="20210412 10:52:52.353" endtime="20210412 10:52:52.394"/>
</for>
<kw name="Evaluate" library="BuiltIn">
<var>${sortedList}</var>
<arg>sorted(${products}, key = int, reverse=True)</arg>
<doc>Evaluates the given expression in Python and returns the result.</doc>
<msg timestamp="20210412 10:52:52.394" level="INFO">${sortedList} = [231990]</msg>
<status status="PASS" starttime="20210412 10:52:52.394" endtime="20210412 10:52:52.394"/>
</kw>
<kw name="Lists Should Be Equal" library="Collections">
<arg>${products}</arg>
<arg>${sortedList}</arg>
<doc>Fails if given lists are unequal.</doc>
<status status="PASS" starttime="20210412 10:52:52.394" endtime="20210412 10:52:52.395"/>
</kw>
<status status="PASS" starttime="20210412 10:52:51.340" endtime="20210412 10:52:52.395"/>
</kw>
<kw name="User Save Price Of N Product" library="MainHelper">
<arg>1</arg>
<kw name="Get Price Of N Position Product" library="MainHelper">
<var>${price}</var>
<arg>${nProduct}</arg>
<if>
<branch type="IF" condition="${nProduct} &gt; 1">
<kw name="Evaluate" library="BuiltIn">
<var>${nProduct}</var>
<arg>${nProduct} + 1</arg>
<doc>Evaluates the given expression in Python and returns the result.</doc>
<status status="NOT RUN" starttime="20210412 10:52:52.396" endtime="20210412 10:52:52.396"/>
</kw>
<status status="NOT RUN" starttime="20210412 10:52:52.396" endtime="20210412 10:52:52.396"/>
</branch>
<status status="PASS" starttime="20210412 10:52:52.396" endtime="20210412 10:52:52.396"/>
</if>
<kw name="Get Text" library="SeleniumLibrary">
<var>${price}</var>
<arg>css:#tiles &gt; div:nth-child(${nProduct}) .price .price-vatin</arg>
<doc>Returns the text value of the element identified by ``locator``.</doc>
<msg timestamp="20210412 10:52:52.411" level="INFO">${price} = 257 990 Kč</msg>
<status status="PASS" starttime="20210412 10:52:52.396" endtime="20210412 10:52:52.411"/>
</kw>
<kw name="Split String" library="String">
<var>${price}</var>
<arg>${price}</arg>
<arg>Kč</arg>
<doc>Splits the ``string`` using ``separator`` as a delimiter string.</doc>
<msg timestamp="20210412 10:52:52.412" level="INFO">${price} = ['257 990 ', '']</msg>
<status status="PASS" starttime="20210412 10:52:52.412" endtime="20210412 10:52:52.412"/>
</kw>
<kw name="Get From List" library="Collections">
<var>${price}</var>
<arg>${price}</arg>
<arg>0</arg>
<doc>Returns the value specified with an ``index`` from ``list``.</doc>
<msg timestamp="20210412 10:52:52.412" level="INFO">${price} = 257 990 </msg>
<status status="PASS" starttime="20210412 10:52:52.412" endtime="20210412 10:52:52.412"/>
</kw>
<kw name="Convert To Integer" library="BuiltIn">
<var>${price}</var>
<arg>${price}</arg>
<doc>Converts the given item to an integer number.</doc>
<msg timestamp="20210412 10:52:52.412" level="INFO">${price} = 257990</msg>
<status status="PASS" starttime="20210412 10:52:52.412" endtime="20210412 10:52:52.412"/>
</kw>
<msg timestamp="20210412 10:52:52.413" level="INFO">${price} = 257990</msg>
<status status="PASS" starttime="20210412 10:52:52.396" endtime="20210412 10:52:52.413"/>
</kw>
<kw name="Append To List" library="Collections">
<arg>${prices}</arg>
<arg>${price}</arg>
<doc>Adds ``values`` to the end of ``list``.</doc>
<status status="PASS" starttime="20210412 10:52:52.413" endtime="20210412 10:52:52.413"/>
</kw>
<status status="PASS" starttime="20210412 10:52:52.396" endtime="20210412 10:52:52.413"/>
</kw>
<kw name="Add Product Into Cart" library="MainHelper">
<arg>1</arg>
<if>
<branch type="IF" condition="${nProduct} &gt; 1">
<kw name="Evaluate" library="BuiltIn">
<var>${nProduct}</var>
<arg>${nProduct} + 1</arg>
<doc>Evaluates the given expression in Python and returns the result.</doc>
<status status="NOT RUN" starttime="20210412 10:52:52.414" endtime="20210412 10:52:52.414"/>
</kw>
<status status="NOT RUN" starttime="20210412 10:52:52.414" endtime="20210412 10:52:52.414"/>
</branch>
<status status="PASS" starttime="20210412 10:52:52.414" endtime="20210412 10:52:52.414"/>
</if>
<kw name="Scroll Element Into View" library="SeleniumLibrary">
<arg>css:#tiles &gt; div:nth-child(${nProduct}) button</arg>
<doc>Scrolls the element identified by ``locator`` into view.</doc>
<status status="PASS" starttime="20210412 10:52:52.414" endtime="20210412 10:52:52.713"/>
</kw>
<kw name="Click Button" library="SeleniumLibrary">
<arg>css:#tiles &gt; div:nth-child(${nProduct}) button</arg>
<doc>Clicks the button identified by ``locator``.</doc>
<msg timestamp="20210412 10:52:52.713" level="INFO">Clicking button 'css:#tiles &gt; div:nth-child(1) button'.</msg>
<status status="PASS" starttime="20210412 10:52:52.713" endtime="20210412 10:52:52.890"/>
</kw>
<status status="PASS" starttime="20210412 10:52:52.413" endtime="20210412 10:52:52.891"/>
</kw>
<kw name="Check Price In Cart" library="MainHelper">
<kw name="Log To Console" library="BuiltIn">
<arg>Hello Now i will check price in cart</arg>
<doc>Logs the given message to the console.</doc>
<status status="PASS" starttime="20210412 10:52:52.891" endtime="20210412 10:52:52.892"/>
</kw>
<kw name="Wait Until Element Is Visible" library="SeleniumLibrary">
<arg>id:basket-preview</arg>
<doc>Waits until the element ``locator`` is visible.</doc>
<status status="PASS" starttime="20210412 10:52:52.892" endtime="20210412 10:52:52.912"/>
</kw>
<kw name="Sleep" library="BuiltIn">
<arg>3s</arg>
<doc>Pauses the test executed for the given time.</doc>
<msg timestamp="20210412 10:52:55.923" level="INFO">Slept 3 seconds</msg>
<status status="PASS" starttime="20210412 10:52:52.912" endtime="20210412 10:52:55.923"/>
</kw>
<kw name="Get Text" library="SeleniumLibrary">
<var>${cartPrice}</var>
<arg>css:#basket-preview &gt; a span.price-vatin &gt; span</arg>
<doc>Returns the text value of the element identified by ``locator``.</doc>
<msg timestamp="20210412 10:52:55.940" level="INFO">${cartPrice} = 257 990 Kč</msg>
<status status="PASS" starttime="20210412 10:52:55.923" endtime="20210412 10:52:55.940"/>
</kw>
<kw name="Split String" library="String">
<var>${cartPrice}</var>
<arg>${cartPrice}</arg>
<arg>Kč</arg>
<doc>Splits the ``string`` using ``separator`` as a delimiter string.</doc>
<msg timestamp="20210412 10:52:55.941" level="INFO">${cartPrice} = ['257 990 ', '']</msg>
<status status="PASS" starttime="20210412 10:52:55.941" endtime="20210412 10:52:55.941"/>
</kw>
<kw name="Get From List" library="Collections">
<var>${cartPrice}</var>
<arg>${cartPrice}</arg>
<arg>0</arg>
<doc>Returns the value specified with an ``index`` from ``list``.</doc>
<msg timestamp="20210412 10:52:55.941" level="INFO">${cartPrice} = 257 990 </msg>
<status status="PASS" starttime="20210412 10:52:55.941" endtime="20210412 10:52:55.941"/>
</kw>
<kw name="Convert To Integer" library="BuiltIn">
<var>${cartPrice}</var>
<arg>${cartPrice}</arg>
<doc>Converts the given item to an integer number.</doc>
<msg timestamp="20210412 10:52:55.941" level="INFO">${cartPrice} = 257990</msg>
<status status="PASS" starttime="20210412 10:52:55.941" endtime="20210412 10:52:55.941"/>
</kw>
<kw name="Log To Console" library="BuiltIn">
<arg>this is prices: ${prices}</arg>
<doc>Logs the given message to the console.</doc>
<status status="PASS" starttime="20210412 10:52:55.942" endtime="20210412 10:52:55.942"/>
</kw>
<kw name="Sum List Values" library="MainHelper">
<var>${countSavedPrices}</var>
<arg>${prices}</arg>
<kw name="Get Length" library="BuiltIn">
<var>${listLength}</var>
<arg>${list}</arg>
<doc>Returns and logs the length of the given item as an integer.</doc>
<msg timestamp="20210412 10:52:55.942" level="INFO">Length is 1</msg>
<msg timestamp="20210412 10:52:55.943" level="INFO">${listLength} = 1</msg>
<status status="PASS" starttime="20210412 10:52:55.942" endtime="20210412 10:52:55.943"/>
</kw>
<kw name="Set Variable" library="BuiltIn">
<var>${value}</var>
<arg>0</arg>
<doc>Returns the given values which can then be assigned to a variables.</doc>
<msg timestamp="20210412 10:52:55.943" level="INFO">${value} = 0</msg>
<status status="PASS" starttime="20210412 10:52:55.943" endtime="20210412 10:52:55.943"/>
</kw>
<if>
<branch type="IF" condition="${listLength} &lt;= 1">
<kw name="Get From List" library="Collections">
<var>${value}</var>
<arg>${list}</arg>
<arg>0</arg>
<doc>Returns the value specified with an ``index`` from ``list``.</doc>
<msg timestamp="20210412 10:52:55.943" level="INFO">${value} = 257990</msg>
<status status="PASS" starttime="20210412 10:52:55.943" endtime="20210412 10:52:55.943"/>
</kw>
<status status="PASS" starttime="20210412 10:52:55.943" endtime="20210412 10:52:55.943"/>
</branch>
<branch type="ELSE">
<for flavor="IN RANGE">
<var>${num}</var>
<value>${listLength}</value>
<iter>
<var name="${num}">${num}</var>
<kw name="Get From List" library="Collections">
<var>${listValue}</var>
<arg>${list}</arg>
<arg>${num}</arg>
<doc>Returns the value specified with an ``index`` from ``list``.</doc>
<status status="NOT RUN" starttime="20210412 10:52:55.944" endtime="20210412 10:52:55.944"/>
</kw>
<kw name="Evaluate" library="BuiltIn">
<var>${value}</var>
<arg>${value} + ${listValue}</arg>
<doc>Evaluates the given expression in Python and returns the result.</doc>
<status status="NOT RUN" starttime="20210412 10:52:55.944" endtime="20210412 10:52:55.944"/>
</kw>
<status status="NOT RUN" starttime="20210412 10:52:55.943" endtime="20210412 10:52:55.944"/>
</iter>
<status status="NOT RUN" starttime="20210412 10:52:55.943" endtime="20210412 10:52:55.944"/>
</for>
<status status="NOT RUN" starttime="20210412 10:52:55.943" endtime="20210412 10:52:55.944"/>
</branch>
<status status="PASS" starttime="20210412 10:52:55.943" endtime="20210412 10:52:55.944"/>
</if>
<msg timestamp="20210412 10:52:55.944" level="INFO">${countSavedPrices} = 257990</msg>
<status status="PASS" starttime="20210412 10:52:55.942" endtime="20210412 10:52:55.944"/>
</kw>
<kw name="Log To Console" library="BuiltIn">
<arg>${countSavedPrices}</arg>
<doc>Logs the given message to the console.</doc>
<status status="PASS" starttime="20210412 10:52:55.944" endtime="20210412 10:52:55.944"/>
</kw>
<kw name="Should Be True" library="BuiltIn">
<arg>${cartPrice} == ${countSavedPrices}</arg>
<doc>Fails if the given condition is not true.</doc>
<status status="PASS" starttime="20210412 10:52:55.945" endtime="20210412 10:52:55.945"/>
</kw>
<status status="PASS" starttime="20210412 10:52:52.891" endtime="20210412 10:52:55.945"/>
</kw>
<kw name="Continue In Shopping" library="MainHelper">
<kw name="Click Button" library="SeleniumLibrary">
<arg>css:.buy-mode__container .btn.close</arg>
<doc>Clicks the button identified by ``locator``.</doc>
<msg timestamp="20210412 10:52:55.946" level="INFO">Clicking button 'css:.buy-mode__container .btn.close'.</msg>
<status status="PASS" starttime="20210412 10:52:55.946" endtime="20210412 10:52:56.084"/>
</kw>
<status status="PASS" starttime="20210412 10:52:55.946" endtime="20210412 10:52:56.084"/>
</kw>
<kw name="User See Page With Notebooks" library="MainHelper">
<kw name="Element Should Contain" library="SeleniumLibrary">
<arg>css:.entry-header</arg>
<arg>Notebooky</arg>
<doc>Verifies that element ``locator`` contains text ``expected``.</doc>
<msg timestamp="20210412 10:52:56.099" level="INFO">Element 'css:.entry-header' contains text 'Notebooky'.</msg>
<status status="PASS" starttime="20210412 10:52:56.085" endtime="20210412 10:52:56.099"/>
</kw>
<status status="PASS" starttime="20210412 10:52:56.085" endtime="20210412 10:52:56.099"/>
</kw>
<kw name="User Save Price Of N Product" library="MainHelper">
<arg>2</arg>
<kw name="Get Price Of N Position Product" library="MainHelper">
<var>${price}</var>
<arg>${nProduct}</arg>
<if>
<branch type="IF" condition="${nProduct} &gt; 1">
<kw name="Evaluate" library="BuiltIn">
<var>${nProduct}</var>
<arg>${nProduct} + 1</arg>
<doc>Evaluates the given expression in Python and returns the result.</doc>
<msg timestamp="20210412 10:52:56.100" level="INFO">${nProduct} = 3</msg>
<status status="PASS" starttime="20210412 10:52:56.100" endtime="20210412 10:52:56.100"/>
</kw>
<status status="PASS" starttime="20210412 10:52:56.100" endtime="20210412 10:52:56.100"/>
</branch>
<status status="PASS" starttime="20210412 10:52:56.100" endtime="20210412 10:52:56.100"/>
</if>
<kw name="Get Text" library="SeleniumLibrary">
<var>${price}</var>
<arg>css:#tiles &gt; div:nth-child(${nProduct}) .price .price-vatin</arg>
<doc>Returns the text value of the element identified by ``locator``.</doc>
<msg timestamp="20210412 10:52:56.111" level="INFO">${price} = 231 990 Kč</msg>
<status status="PASS" starttime="20210412 10:52:56.100" endtime="20210412 10:52:56.112"/>
</kw>
<kw name="Split String" library="String">
<var>${price}</var>
<arg>${price}</arg>
<arg>Kč</arg>
<doc>Splits the ``string`` using ``separator`` as a delimiter string.</doc>
<msg timestamp="20210412 10:52:56.112" level="INFO">${price} = ['231 990 ', '']</msg>
<status status="PASS" starttime="20210412 10:52:56.112" endtime="20210412 10:52:56.112"/>
</kw>
<kw name="Get From List" library="Collections">
<var>${price}</var>
<arg>${price}</arg>
<arg>0</arg>
<doc>Returns the value specified with an ``index`` from ``list``.</doc>
<msg timestamp="20210412 10:52:56.112" level="INFO">${price} = 231 990 </msg>
<status status="PASS" starttime="20210412 10:52:56.112" endtime="20210412 10:52:56.112"/>
</kw>
<kw name="Convert To Integer" library="BuiltIn">
<var>${price}</var>
<arg>${price}</arg>
<doc>Converts the given item to an integer number.</doc>
<msg timestamp="20210412 10:52:56.113" level="INFO">${price} = 231990</msg>
<status status="PASS" starttime="20210412 10:52:56.112" endtime="20210412 10:52:56.113"/>
</kw>
<msg timestamp="20210412 10:52:56.113" level="INFO">${price} = 231990</msg>
<status status="PASS" starttime="20210412 10:52:56.099" endtime="20210412 10:52:56.113"/>
</kw>
<kw name="Append To List" library="Collections">
<arg>${prices}</arg>
<arg>${price}</arg>
<doc>Adds ``values`` to the end of ``list``.</doc>
<status status="PASS" starttime="20210412 10:52:56.113" endtime="20210412 10:52:56.113"/>
</kw>
<status status="PASS" starttime="20210412 10:52:56.099" endtime="20210412 10:52:56.113"/>
</kw>
<kw name="Add Product Into Cart" library="MainHelper">
<arg>2</arg>
<if>
<branch type="IF" condition="${nProduct} &gt; 1">
<kw name="Evaluate" library="BuiltIn">
<var>${nProduct}</var>
<arg>${nProduct} + 1</arg>
<doc>Evaluates the given expression in Python and returns the result.</doc>
<msg timestamp="20210412 10:52:56.114" level="INFO">${nProduct} = 3</msg>
<status status="PASS" starttime="20210412 10:52:56.114" endtime="20210412 10:52:56.114"/>
</kw>
<status status="PASS" starttime="20210412 10:52:56.114" endtime="20210412 10:52:56.114"/>
</branch>
<status status="PASS" starttime="20210412 10:52:56.114" endtime="20210412 10:52:56.114"/>
</if>
<kw name="Scroll Element Into View" library="SeleniumLibrary">
<arg>css:#tiles &gt; div:nth-child(${nProduct}) button</arg>
<doc>Scrolls the element identified by ``locator`` into view.</doc>
<status status="PASS" starttime="20210412 10:52:56.114" endtime="20210412 10:52:56.394"/>
</kw>
<kw name="Click Button" library="SeleniumLibrary">
<arg>css:#tiles &gt; div:nth-child(${nProduct}) button</arg>
<doc>Clicks the button identified by ``locator``.</doc>
<msg timestamp="20210412 10:52:56.394" level="INFO">Clicking button 'css:#tiles &gt; div:nth-child(3) button'.</msg>
<status status="PASS" starttime="20210412 10:52:56.394" endtime="20210412 10:52:56.441"/>
</kw>
<status status="PASS" starttime="20210412 10:52:56.114" endtime="20210412 10:52:56.441"/>
</kw>
<kw name="Check Price In Cart" library="MainHelper">
<kw name="Log To Console" library="BuiltIn">
<arg>Hello Now i will check price in cart</arg>
<doc>Logs the given message to the console.</doc>
<status status="PASS" starttime="20210412 10:52:56.442" endtime="20210412 10:52:56.442"/>
</kw>
<kw name="Wait Until Element Is Visible" library="SeleniumLibrary">
<arg>id:basket-preview</arg>
<doc>Waits until the element ``locator`` is visible.</doc>
<status status="PASS" starttime="20210412 10:52:56.442" endtime="20210412 10:52:56.457"/>
</kw>
<kw name="Sleep" library="BuiltIn">
<arg>3s</arg>
<doc>Pauses the test executed for the given time.</doc>
<msg timestamp="20210412 10:52:59.469" level="INFO">Slept 3 seconds</msg>
<status status="PASS" starttime="20210412 10:52:56.457" endtime="20210412 10:52:59.469"/>
</kw>
<kw name="Get Text" library="SeleniumLibrary">
<var>${cartPrice}</var>
<arg>css:#basket-preview &gt; a span.price-vatin &gt; span</arg>
<doc>Returns the text value of the element identified by ``locator``.</doc>
<msg timestamp="20210412 10:52:59.485" level="INFO">${cartPrice} = 489 980 Kč</msg>
<status status="PASS" starttime="20210412 10:52:59.469" endtime="20210412 10:52:59.485"/>
</kw>
<kw name="Split String" library="String">
<var>${cartPrice}</var>
<arg>${cartPrice}</arg>
<arg>Kč</arg>
<doc>Splits the ``string`` using ``separator`` as a delimiter string.</doc>
<msg timestamp="20210412 10:52:59.485" level="INFO">${cartPrice} = ['489 980 ', '']</msg>
<status status="PASS" starttime="20210412 10:52:59.485" endtime="20210412 10:52:59.485"/>
</kw>
<kw name="Get From List" library="Collections">
<var>${cartPrice}</var>
<arg>${cartPrice}</arg>
<arg>0</arg>
<doc>Returns the value specified with an ``index`` from ``list``.</doc>
<msg timestamp="20210412 10:52:59.486" level="INFO">${cartPrice} = 489 980 </msg>
<status status="PASS" starttime="20210412 10:52:59.485" endtime="20210412 10:52:59.486"/>
</kw>
<kw name="Convert To Integer" library="BuiltIn">
<var>${cartPrice}</var>
<arg>${cartPrice}</arg>
<doc>Converts the given item to an integer number.</doc>
<msg timestamp="20210412 10:52:59.486" level="INFO">${cartPrice} = 489980</msg>
<status status="PASS" starttime="20210412 10:52:59.486" endtime="20210412 10:52:59.486"/>
</kw>
<kw name="Log To Console" library="BuiltIn">
<arg>this is prices: ${prices}</arg>
<doc>Logs the given message to the console.</doc>
<status status="PASS" starttime="20210412 10:52:59.486" endtime="20210412 10:52:59.486"/>
</kw>
<kw name="Sum List Values" library="MainHelper">
<var>${countSavedPrices}</var>
<arg>${prices}</arg>
<kw name="Get Length" library="BuiltIn">
<var>${listLength}</var>
<arg>${list}</arg>
<doc>Returns and logs the length of the given item as an integer.</doc>
<msg timestamp="20210412 10:52:59.487" level="INFO">Length is 2</msg>
<msg timestamp="20210412 10:52:59.487" level="INFO">${listLength} = 2</msg>
<status status="PASS" starttime="20210412 10:52:59.487" endtime="20210412 10:52:59.487"/>
</kw>
<kw name="Set Variable" library="BuiltIn">
<var>${value}</var>
<arg>0</arg>
<doc>Returns the given values which can then be assigned to a variables.</doc>
<msg timestamp="20210412 10:52:59.487" level="INFO">${value} = 0</msg>
<status status="PASS" starttime="20210412 10:52:59.487" endtime="20210412 10:52:59.487"/>
</kw>
<if>
<branch type="IF" condition="${listLength} &lt;= 1">
<kw name="Get From List" library="Collections">
<var>${value}</var>
<arg>${list}</arg>
<arg>0</arg>
<doc>Returns the value specified with an ``index`` from ``list``.</doc>
<status status="NOT RUN" starttime="20210412 10:52:59.487" endtime="20210412 10:52:59.488"/>
</kw>
<status status="NOT RUN" starttime="20210412 10:52:59.487" endtime="20210412 10:52:59.488"/>
</branch>
<branch type="ELSE">
<for flavor="IN RANGE">
<var>${num}</var>
<value>${listLength}</value>
<iter>
<var name="${num}">0</var>
<kw name="Get From List" library="Collections">
<var>${listValue}</var>
<arg>${list}</arg>
<arg>${num}</arg>
<doc>Returns the value specified with an ``index`` from ``list``.</doc>
<msg timestamp="20210412 10:52:59.488" level="INFO">${listValue} = 257990</msg>
<status status="PASS" starttime="20210412 10:52:59.488" endtime="20210412 10:52:59.488"/>
</kw>
<kw name="Evaluate" library="BuiltIn">
<var>${value}</var>
<arg>${value} + ${listValue}</arg>
<doc>Evaluates the given expression in Python and returns the result.</doc>
<msg timestamp="20210412 10:52:59.488" level="INFO">${value} = 257990</msg>
<status status="PASS" starttime="20210412 10:52:59.488" endtime="20210412 10:52:59.488"/>
</kw>
<status status="PASS" starttime="20210412 10:52:59.488" endtime="20210412 10:52:59.488"/>
</iter>
<iter>
<var name="${num}">1</var>
<kw name="Get From List" library="Collections">
<var>${listValue}</var>
<arg>${list}</arg>
<arg>${num}</arg>
<doc>Returns the value specified with an ``index`` from ``list``.</doc>
<msg timestamp="20210412 10:52:59.489" level="INFO">${listValue} = 231990</msg>
<status status="PASS" starttime="20210412 10:52:59.489" endtime="20210412 10:52:59.489"/>
</kw>
<kw name="Evaluate" library="BuiltIn">
<var>${value}</var>
<arg>${value} + ${listValue}</arg>
<doc>Evaluates the given expression in Python and returns the result.</doc>
<msg timestamp="20210412 10:52:59.489" level="INFO">${value} = 489980</msg>
<status status="PASS" starttime="20210412 10:52:59.489" endtime="20210412 10:52:59.489"/>
</kw>
<status status="PASS" starttime="20210412 10:52:59.488" endtime="20210412 10:52:59.489"/>
</iter>
<status status="PASS" starttime="20210412 10:52:59.488" endtime="20210412 10:52:59.489"/>
</for>
<status status="PASS" starttime="20210412 10:52:59.488" endtime="20210412 10:52:59.489"/>
</branch>
<status status="PASS" starttime="20210412 10:52:59.487" endtime="20210412 10:52:59.489"/>
</if>
<msg timestamp="20210412 10:52:59.489" level="INFO">${countSavedPrices} = 489980</msg>
<status status="PASS" starttime="20210412 10:52:59.486" endtime="20210412 10:52:59.489"/>
</kw>
<kw name="Log To Console" library="BuiltIn">
<arg>${countSavedPrices}</arg>
<doc>Logs the given message to the console.</doc>
<status status="PASS" starttime="20210412 10:52:59.489" endtime="20210412 10:52:59.490"/>
</kw>
<kw name="Should Be True" library="BuiltIn">
<arg>${cartPrice} == ${countSavedPrices}</arg>
<doc>Fails if the given condition is not true.</doc>
<status status="PASS" starttime="20210412 10:52:59.490" endtime="20210412 10:52:59.490"/>
</kw>
<status status="PASS" starttime="20210412 10:52:56.441" endtime="20210412 10:52:59.490"/>
</kw>
<kw name="Continue Into Order" library="MainHelper">
<kw name="Sleep" library="BuiltIn">
<arg>2s</arg>
<doc>Pauses the test executed for the given time.</doc>
<msg timestamp="20210412 10:53:01.495" level="INFO">Slept 2 seconds</msg>
<status status="PASS" starttime="20210412 10:52:59.491" endtime="20210412 10:53:01.495"/>
</kw>
<kw name="Click Element" library="SeleniumLibrary">
<arg>css:.buy-mode__container .btn-purchase</arg>
<doc>Click the element identified by ``locator``.</doc>
<msg timestamp="20210412 10:53:01.495" level="INFO">Clicking element 'css:.buy-mode__container .btn-purchase'.</msg>
<status status="PASS" starttime="20210412 10:53:01.495" endtime="20210412 10:53:01.863"/>
</kw>
<status status="PASS" starttime="20210412 10:52:59.491" endtime="20210412 10:53:01.864"/>
</kw>
<kw name="User Is In Cart" library="MainHelper">
<kw name="Element Should Contain" library="SeleniumLibrary">
<arg>css:#basket-visibility-container h1</arg>
<arg>Váš nákupní košík</arg>
<doc>Verifies that element ``locator`` contains text ``expected``.</doc>
<msg timestamp="20210412 10:53:01.898" level="INFO">Element 'css:#basket-visibility-container h1' contains text 'Váš nákupní košík'.</msg>
<status status="PASS" starttime="20210412 10:53:01.864" endtime="20210412 10:53:01.898"/>
</kw>
<status status="PASS" starttime="20210412 10:53:01.864" endtime="20210412 10:53:01.898"/>
</kw>
<kw name="Check Price In Cart" library="MainHelper">
<kw name="Log To Console" library="BuiltIn">
<arg>Hello Now i will check price in cart</arg>
<doc>Logs the given message to the console.</doc>
<status status="PASS" starttime="20210412 10:53:01.899" endtime="20210412 10:53:01.899"/>
</kw>
<kw name="Wait Until Element Is Visible" library="SeleniumLibrary">
<arg>id:basket-preview</arg>
<doc>Waits until the element ``locator`` is visible.</doc>
<status status="PASS" starttime="20210412 10:53:01.899" endtime="20210412 10:53:01.915"/>
</kw>
<kw name="Sleep" library="BuiltIn">
<arg>3s</arg>
<doc>Pauses the test executed for the given time.</doc>
<msg timestamp="20210412 10:53:04.922" level="INFO">Slept 3 seconds</msg>
<status status="PASS" starttime="20210412 10:53:01.915" endtime="20210412 10:53:04.922"/>
</kw>
<kw name="Get Text" library="SeleniumLibrary">
<var>${cartPrice}</var>
<arg>css:#basket-preview &gt; a span.price-vatin &gt; span</arg>
<doc>Returns the text value of the element identified by ``locator``.</doc>
<msg timestamp="20210412 10:53:04.938" level="INFO">${cartPrice} = 489 980 Kč</msg>
<status status="PASS" starttime="20210412 10:53:04.922" endtime="20210412 10:53:04.938"/>
</kw>
<kw name="Split String" library="String">
<var>${cartPrice}</var>
<arg>${cartPrice}</arg>
<arg>Kč</arg>
<doc>Splits the ``string`` using ``separator`` as a delimiter string.</doc>
<msg timestamp="20210412 10:53:04.938" level="INFO">${cartPrice} = ['489 980 ', '']</msg>
<status status="PASS" starttime="20210412 10:53:04.938" endtime="20210412 10:53:04.938"/>
</kw>
<kw name="Get From List" library="Collections">
<var>${cartPrice}</var>
<arg>${cartPrice}</arg>
<arg>0</arg>
<doc>Returns the value specified with an ``index`` from ``list``.</doc>
<msg timestamp="20210412 10:53:04.939" level="INFO">${cartPrice} = 489 980 </msg>
<status status="PASS" starttime="20210412 10:53:04.938" endtime="20210412 10:53:04.939"/>
</kw>
<kw name="Convert To Integer" library="BuiltIn">
<var>${cartPrice}</var>
<arg>${cartPrice}</arg>
<doc>Converts the given item to an integer number.</doc>
<msg timestamp="20210412 10:53:04.939" level="INFO">${cartPrice} = 489980</msg>
<status status="PASS" starttime="20210412 10:53:04.939" endtime="20210412 10:53:04.939"/>
</kw>
<kw name="Log To Console" library="BuiltIn">
<arg>this is prices: ${prices}</arg>
<doc>Logs the given message to the console.</doc>
<status status="PASS" starttime="20210412 10:53:04.939" endtime="20210412 10:53:04.939"/>
</kw>
<kw name="Sum List Values" library="MainHelper">
<var>${countSavedPrices}</var>
<arg>${prices}</arg>
<kw name="Get Length" library="BuiltIn">
<var>${listLength}</var>
<arg>${list}</arg>
<doc>Returns and logs the length of the given item as an integer.</doc>
<msg timestamp="20210412 10:53:04.940" level="INFO">Length is 2</msg>
<msg timestamp="20210412 10:53:04.940" level="INFO">${listLength} = 2</msg>
<status status="PASS" starttime="20210412 10:53:04.940" endtime="20210412 10:53:04.940"/>
</kw>
<kw name="Set Variable" library="BuiltIn">
<var>${value}</var>
<arg>0</arg>
<doc>Returns the given values which can then be assigned to a variables.</doc>
<msg timestamp="20210412 10:53:04.940" level="INFO">${value} = 0</msg>
<status status="PASS" starttime="20210412 10:53:04.940" endtime="20210412 10:53:04.940"/>
</kw>
<if>
<branch type="IF" condition="${listLength} &lt;= 1">
<kw name="Get From List" library="Collections">
<var>${value}</var>
<arg>${list}</arg>
<arg>0</arg>
<doc>Returns the value specified with an ``index`` from ``list``.</doc>
<status status="NOT RUN" starttime="20210412 10:53:04.941" endtime="20210412 10:53:04.941"/>
</kw>
<status status="NOT RUN" starttime="20210412 10:53:04.941" endtime="20210412 10:53:04.941"/>
</branch>
<branch type="ELSE">
<for flavor="IN RANGE">
<var>${num}</var>
<value>${listLength}</value>
<iter>
<var name="${num}">0</var>
<kw name="Get From List" library="Collections">
<var>${listValue}</var>
<arg>${list}</arg>
<arg>${num}</arg>
<doc>Returns the value specified with an ``index`` from ``list``.</doc>
<msg timestamp="20210412 10:53:04.941" level="INFO">${listValue} = 257990</msg>
<status status="PASS" starttime="20210412 10:53:04.941" endtime="20210412 10:53:04.941"/>
</kw>
<kw name="Evaluate" library="BuiltIn">
<var>${value}</var>
<arg>${value} + ${listValue}</arg>
<doc>Evaluates the given expression in Python and returns the result.</doc>
<msg timestamp="20210412 10:53:04.941" level="INFO">${value} = 257990</msg>
<status status="PASS" starttime="20210412 10:53:04.941" endtime="20210412 10:53:04.941"/>
</kw>
<status status="PASS" starttime="20210412 10:53:04.941" endtime="20210412 10:53:04.942"/>
</iter>
<iter>
<var name="${num}">1</var>
<kw name="Get From List" library="Collections">
<var>${listValue}</var>
<arg>${list}</arg>
<arg>${num}</arg>
<doc>Returns the value specified with an ``index`` from ``list``.</doc>
<msg timestamp="20210412 10:53:04.942" level="INFO">${listValue} = 231990</msg>
<status status="PASS" starttime="20210412 10:53:04.942" endtime="20210412 10:53:04.942"/>
</kw>
<kw name="Evaluate" library="BuiltIn">
<var>${value}</var>
<arg>${value} + ${listValue}</arg>
<doc>Evaluates the given expression in Python and returns the result.</doc>
<msg timestamp="20210412 10:53:04.942" level="INFO">${value} = 489980</msg>
<status status="PASS" starttime="20210412 10:53:04.942" endtime="20210412 10:53:04.942"/>
</kw>
<status status="PASS" starttime="20210412 10:53:04.942" endtime="20210412 10:53:04.942"/>
</iter>
<status status="PASS" starttime="20210412 10:53:04.941" endtime="20210412 10:53:04.942"/>
</for>
<status status="PASS" starttime="20210412 10:53:04.941" endtime="20210412 10:53:04.942"/>
</branch>
<status status="PASS" starttime="20210412 10:53:04.940" endtime="20210412 10:53:04.942"/>
</if>
<msg timestamp="20210412 10:53:04.942" level="INFO">${countSavedPrices} = 489980</msg>
<status status="PASS" starttime="20210412 10:53:04.939" endtime="20210412 10:53:04.942"/>
</kw>
<kw name="Log To Console" library="BuiltIn">
<arg>${countSavedPrices}</arg>
<doc>Logs the given message to the console.</doc>
<status status="PASS" starttime="20210412 10:53:04.943" endtime="20210412 10:53:04.943"/>
</kw>
<kw name="Should Be True" library="BuiltIn">
<arg>${cartPrice} == ${countSavedPrices}</arg>
<doc>Fails if the given condition is not true.</doc>
<status status="PASS" starttime="20210412 10:53:04.943" endtime="20210412 10:53:04.943"/>
</kw>
<status status="PASS" starttime="20210412 10:53:01.899" endtime="20210412 10:53:04.943"/>
</kw>
<doc>This is verified Main Scenario for CZC</doc>
<tag>Functional</tag>
<status status="PASS" starttime="20210412 10:52:46.056" endtime="20210412 10:53:04.944"/>
</test>
<kw name="Close Browser" library="SeleniumLibrary" type="TEARDOWN">
<doc>Closes the current browser.</doc>
<status status="PASS" starttime="20210412 10:53:04.946" endtime="20210412 10:53:07.089"/>
</kw>
<doc>Main Scenario for search category Notebook and insert first two most expesives products</doc>
<status status="PASS" starttime="20210412 10:52:45.865" endtime="20210412 10:53:07.089"/>
</suite>
<statistics>
<total>
<stat pass="1" fail="0" skip="0">All Tests</stat>
</total>
<tag>
<stat pass="1" fail="0" skip="0">Functional</stat>
</tag>
<suite>
<stat pass="1" fail="0" skip="0" id="s1" name="MainScenario">MainScenario</stat>
</suite>
</statistics>
<errors>
</errors>
</robot>
